Build started 12/1/2015 10:00:31 PM.
     1>Project "C:\Users\Stephen\Desktop\of_v0.9.0_vs_release\apps\myApps\KinectServer\KinectServer.vcxproj" on node 2 (Build target(s)).
     1>ClCompile:
         C:\Program Files (x86)\Microsoft Visual Studio 14.0\VC\bin\x86_amd64\CL.exe /c /I"C:\Program Files\Microsoft SDKs\Kinect\v2.0_1409\\inc" /I..\..\..\addons\ofxKinectForWindows2\src /IC:\Users\Stephen\Desktop\of_v0.9.0_vs_release\libs\openFrameworksCompiled\project\vs\\..\..\..\..\\libs\openFrameworks /IC:\Users\Stephen\Desktop\of_v0.9.0_vs_release\libs\openFrameworksCompiled\project\vs\\..\..\..\..\\libs\openFrameworks\graphics /IC:\Users\Stephen\Desktop\of_v0.9.0_vs_release\libs\openFrameworksCompiled\project\vs\\..\..\..\..\\libs\openFrameworks\app /IC:\Users\Stephen\Desktop\of_v0.9.0_vs_release\libs\openFrameworksCompiled\project\vs\\..\..\..\..\\libs\openFrameworks\sound /IC:\Users\Stephen\Desktop\of_v0.9.0_vs_release\libs\openFrameworksCompiled\project\vs\\..\..\..\..\\libs\openFrameworks\utils /IC:\Users\Stephen\Desktop\of_v0.9.0_vs_release\libs\openFrameworksCompiled\project\vs\\..\..\..\..\\libs\openFrameworks\communication /IC:\Users\Stephen\Desktop\of_v0.9.0_vs_release\libs\openFrameworksCompiled\project\vs\\..\..\..\..\\libs\openFrameworks\video /IC:\Users\Stephen\Desktop\of_v0.9.0_vs_release\libs\openFrameworksCompiled\project\vs\\..\..\..\..\\libs\openFrameworks\types /IC:\Users\Stephen\Desktop\of_v0.9.0_vs_release\libs\openFrameworksCompiled\project\vs\\..\..\..\..\\libs\openFrameworks\math /IC:\Users\Stephen\Desktop\of_v0.9.0_vs_release\libs\openFrameworksCompiled\project\vs\\..\..\..\..\\libs\openFrameworks\3d /IC:\Users\Stephen\Desktop\of_v0.9.0_vs_release\libs\openFrameworksCompiled\project\vs\\..\..\..\..\\libs\openFrameworks\gl /IC:\Users\Stephen\Desktop\of_v0.9.0_vs_release\libs\openFrameworksCompiled\project\vs\\..\..\..\..\\libs\openFrameworks\events /IC:\Users\Stephen\Desktop\of_v0.9.0_vs_release\libs\openFrameworksCompiled\project\vs\\..\..\..\..\\libs\glut\include /IC:\Users\Stephen\Desktop\of_v0.9.0_vs_release\libs\openFrameworksCompiled\project\vs\\..\..\..\..\\libs\rtAudio\include /IC:\Users\Stephen\Desktop\of_v0.9.0_vs_release\libs\openFrameworksCompiled\project\vs\\..\..\..\..\\libs\quicktime\include /IC:\Users\Stephen\Desktop\of_v0.9.0_vs_release\libs\openFrameworksCompiled\project\vs\\..\..\..\..\\libs\freetype\include /IC:\Users\Stephen\Desktop\of_v0.9.0_vs_release\libs\openFrameworksCompiled\project\vs\\..\..\..\..\\libs\freetype\include\freetype2 /IC:\Users\Stephen\Desktop\of_v0.9.0_vs_release\libs\openFrameworksCompiled\project\vs\\..\..\..\..\\libs\freeImage\include /IC:\Users\Stephen\Desktop\of_v0.9.0_vs_release\libs\openFrameworksCompiled\project\vs\\..\..\..\..\\libs\fmodex\include /IC:\Users\Stephen\Desktop\of_v0.9.0_vs_release\libs\openFrameworksCompiled\project\vs\\..\..\..\..\\libs\videoInput\include /IC:\Users\Stephen\Desktop\of_v0.9.0_vs_release\libs\openFrameworksCompiled\project\vs\\..\..\..\..\\libs\glew\include\ /IC:\Users\Stephen\Desktop\of_v0.9.0_vs_release\libs\openFrameworksCompiled\project\vs\\..\..\..\..\\libs\glu\include /IC:\Users\Stephen\Desktop\of_v0.9.0_vs_release\libs\openFrameworksCompiled\project\vs\\..\..\..\..\\libs\tess2\include /IC:\Users\Stephen\Desktop\of_v0.9.0_vs_release\libs\openFrameworksCompiled\project\vs\\..\..\..\..\\libs\cairo\include\cairo /IC:\Users\Stephen\Desktop\of_v0.9.0_vs_release\libs\openFrameworksCompiled\project\vs\\..\..\..\..\\libs\poco\include /IC:\Users\Stephen\Desktop\of_v0.9.0_vs_release\libs\openFrameworksCompiled\project\vs\\..\..\..\..\\libs\glfw\include /IC:\Users\Stephen\Desktop\of_v0.9.0_vs_release\libs\openFrameworksCompiled\project\vs\\..\..\..\..\\libs\openssl\include /IC:\Users\Stephen\Desktop\of_v0.9.0_vs_release\libs\openFrameworksCompiled\project\vs\\..\..\..\..\\libs\utf8cpp\include /IC:\Users\Stephen\Desktop\of_v0.9.0_vs_release\libs\openFrameworksCompiled\project\vs\\..\..\..\..\\libs\boost\include /IC:\Users\Stephen\Desktop\of_v0.9.0_vs_release\libs\openFrameworksCompiled\project\vs\\..\..\..\..\\addons /Isrc /I..\..\..\addons\ofxOsc\libs /I..\..\..\addons\ofxOsc\libs\oscpack /I..\..\..\addons\ofxOsc\libs\oscpack\src /I..\..\..\addons\ofxOsc\libs\oscpack\src\ip /I..\..\..\addons\ofxOsc\libs\oscpack\src\ip\posix /I..\..\..\addons\ofxOsc\libs\oscpack\src\ip\win32 /I..\..\..\addons\ofxOsc\libs\oscpack\src\osc /I..\..\..\addons\ofxOsc\src /Zi /nologo /W3 /WX- /MP /Od /D WIN32 /D _DEBUG /D _CONSOLE /D POCO_STATIC /D CAIRO_WIN32_STATIC_BUILD /D DISABLE_SOME_FLOATING_POINT /D _UNICODE /D UNICODE /Gm- /EHsc /RTC1 /MDd /GS /fp:precise /Zc:wchar_t /Zc:forScope /Zc:inline /Fo"obj\Debug\\" /Fd"obj\Debug\vc140.pdb" /Gd /TP /errorReport:prompt src\ofApp.cpp
         ofApp.cpp
     1>C:\Users\Stephen\Desktop\of_v0.9.0_vs_release\libs\openFrameworks\math\ofMatrix4x4.h(320): warning C4267: 'argument': conversion from 'size_t' to 'int', possible loss of data
     1>C:\Users\Stephen\Desktop\of_v0.9.0_vs_release\libs\openFrameworks\math\ofMatrix4x4.h(325): warning C4267: 'argument': conversion from 'size_t' to 'int', possible loss of data
     1>C:\Users\Stephen\Desktop\of_v0.9.0_vs_release\libs\openFrameworks\math\ofMatrix4x4.h(969): warning C4267: 'argument': conversion from 'size_t' to 'int', possible loss of data
     1>C:\Users\Stephen\Desktop\of_v0.9.0_vs_release\libs\openFrameworks\math\ofMatrix4x4.h(970): warning C4267: 'argument': conversion from 'size_t' to 'int', possible loss of data
     1>C:\Users\Stephen\Desktop\of_v0.9.0_vs_release\libs\openFrameworks\math\ofMatrix4x4.h(971): warning C4267: 'argument': conversion from 'size_t' to 'int', possible loss of data
     1>C:\Users\Stephen\Desktop\of_v0.9.0_vs_release\libs\openFrameworks\math\ofMatrix4x4.h(972): warning C4267: 'argument': conversion from 'size_t' to 'int', possible loss of data
     1>c:\users\stephen\desktop\of_v0.9.0_vs_release\addons\ofxosc\src\ofxOscBundle.h(52): warning C4267: 'return': conversion from 'size_t' to 'int', possible loss of data
     1>c:\users\stephen\desktop\of_v0.9.0_vs_release\addons\ofxosc\src\ofxOscBundle.h(53): warning C4267: 'return': conversion from 'size_t' to 'int', possible loss of data
       Link:
         C:\Program Files (x86)\Microsoft Visual Studio 14.0\VC\bin\x86_amd64\link.exe /ERRORREPORT:PROMPT /OUT:"bin\KinectServer_debug.exe" /INCREMENTAL /NOLOGO /LIBPATH:"C:\Program Files\Microsoft SDKs\Kinect\v2.0_1409\\Lib\x64" /LIBPATH:"C:\Program Files\Microsoft SDKs\Kinect\v2.0_1409\\Lib\x86" /LIBPATH:C:\Users\Stephen\Desktop\of_v0.9.0_vs_release\libs\openFrameworksCompiled\project\vs\\..\..\..\..\\libs\glut\lib\vs\x64 /LIBPATH:C:\Users\Stephen\Desktop\of_v0.9.0_vs_release\libs\openFrameworksCompiled\project\vs\\..\..\..\..\\libs\glfw\lib\vs\x64 /LIBPATH:C:\Users\Stephen\Desktop\of_v0.9.0_vs_release\libs\openFrameworksCompiled\project\vs\\..\..\..\..\\libs\rtAudio\lib\vs\x64 /LIBPATH:C:\Users\Stephen\Desktop\of_v0.9.0_vs_release\libs\openFrameworksCompiled\project\vs\\..\..\..\..\\libs\FreeImage\lib\vs\x64 /LIBPATH:C:\Users\Stephen\Desktop\of_v0.9.0_vs_release\libs\openFrameworksCompiled\project\vs\\..\..\..\..\\libs\freetype\lib\vs\x64 /LIBPATH:C:\Users\Stephen\Desktop\of_v0.9.0_vs_release\libs\openFrameworksCompiled\project\vs\\..\..\..\..\\libs\fmodex\lib\vs\x64 /LIBPATH:C:\Users\Stephen\Desktop\of_v0.9.0_vs_release\libs\openFrameworksCompiled\project\vs\\..\..\..\..\\libs\videoInput\lib\vs\x64 /LIBPATH:C:\Users\Stephen\Desktop\of_v0.9.0_vs_release\libs\openFrameworksCompiled\project\vs\\..\..\..\..\\libs\cairo\lib\vs\x64 /LIBPATH:C:\Users\Stephen\Desktop\of_v0.9.0_vs_release\libs\openFrameworksCompiled\project\vs\\..\..\..\..\\libs\glew\lib\vs\x64 /LIBPATH:C:\Users\Stephen\Desktop\of_v0.9.0_vs_release\libs\openFrameworksCompiled\project\vs\\..\..\..\..\\libs\glu\lib\vs\x64 /LIBPATH:C:\Users\Stephen\Desktop\of_v0.9.0_vs_release\libs\openFrameworksCompiled\project\vs\\..\..\..\..\\libs\openssl\lib\vs\x64 /LIBPATH:C:\Users\Stephen\Desktop\of_v0.9.0_vs_release\libs\openFrameworksCompiled\project\vs\\..\..\..\..\\libs\Poco\lib\vs\x64 /LIBPATH:C:\Users\Stephen\Desktop\of_v0.9.0_vs_release\libs\openFrameworksCompiled\project\vs\\..\..\..\..\\libs\tess2\lib\vs\x64 /LIBPATH:C:\Users\Stephen\Desktop\of_v0.9.0_vs_release\libs\openFrameworksCompiled\project\vs\\..\..\..\..\\libs\boost\lib\vs\x64 glut32.lib "cairo-static.lib" "pixman-1.lib" libpng.lib msimg32.lib OpenGL32.lib kernel32.lib setupapi.lib Vfw32.lib comctl32.lib rtAudioD.lib videoInputD.lib libfreetype.lib FreeImage.lib dsound.lib user32.lib gdi32.lib winspool.lib comdlg32.lib advapi32.lib shell32.lib ole32.lib oleaut32.lib uuid.lib glew32s.lib fmodex64_vc.lib ssleay32MD.lib libeay32MD.lib crypt32.lib PocoFoundationmdd.lib PocoNetmdd.lib PocoUtilmdd.lib PocoXMLmdd.lib Ws2_32.lib tess2.lib glfw3.lib winmm.lib kernel32.lib user32.lib gdi32.lib winspool.lib comdlg32.lib advapi32.lib shell32.lib ole32.lib oleaut32.lib uuid.lib odbc32.lib odbccp32.lib /NODEFAULTLIB:PocoFoundationmdd.lib /NODEFAULTLIB:atlthunk.lib /NODEFAULTLIB:msvcrt /NODEFAULTLIB:libcmt /NODEFAULTLIB:LIBC /NODEFAULTLIB:LIBCMTD /MANIFEST /MANIFESTUAC:"level='asInvoker' uiAccess='false'" /manifest:embed /Debug /PDB:"bin\KinectServer_debug.pdb" /SUBSYSTEM:CONSOLE /TLBID:1 /DYNAMICBASE:NO /NXCOMPAT /IMPLIB:"bin\KinectServer_debug.lib" /MACHINE:X64 /ignore:4099 obj\Debug\icon.res
         obj\Debug\main.obj
         obj\Debug\ofApp.obj
         obj\Debug\ofxOscBundle.obj
         obj\Debug\ofxOscMessage.obj
         obj\Debug\ofxOscParameterSync.obj
         obj\Debug\ofxOscReceiver.obj
         obj\Debug\ofxOscSender.obj
         obj\Debug\IpEndpointName.obj
         obj\Debug\NetworkingUtils.obj
         obj\Debug\UdpSocket.obj
         obj\Debug\OscOutboundPacketStream.obj
         obj\Debug\OscPrintReceivedElements.obj
         obj\Debug\OscReceivedElements.obj
         obj\Debug\OscTypes.obj
         C:\Users\Stephen\Desktop\of_v0.9.0_vs_release\libs\openFrameworksCompiled\lib\vs\x64\openframeworksLib_debug.lib
         C:\Users\Stephen\Desktop\of_v0.9.0_vs_release\apps\myApps\KinectServer\bin\ofxKinectForWindows2Libd.lib
         KinectServer.vcxproj -> C:\Users\Stephen\Desktop\of_v0.9.0_vs_release\apps\myApps\KinectServer\bin\KinectServer_debug.exe
       PostBuildEvent:
         robocopy "C:\Users\Stephen\Desktop\of_v0.9.0_vs_release\libs\openFrameworksCompiled\project\vs\\..\..\..\..\/export/vs/x64/" "C:\Users\Stephen\Desktop\of_v0.9.0_vs_release\apps\myApps\KinectServer\bin/" "*.dll" /njs /njh /np /fp /bytes
         if errorlevel 1 exit 0 else exit %errorlevel%
         :VCEnd
         
         	                   9	C:\Users\Stephen\Desktop\of_v0.9.0_vs_release\export\vs\x64\
     1>Done Building Project "C:\Users\Stephen\Desktop\of_v0.9.0_vs_release\apps\myApps\KinectServer\KinectServer.vcxproj" (Build target(s)).

Build succeeded.

Time Elapsed 00:00:02.79
